<?xml version="1.0" encoding="UTF-8"?>
<testsuite name="censusanalyser.CensusAnalyserTest" tests="1" skipped="0" failures="0" errors="0" timestamp="2020-10-19T14:32:16" hostname="MAYURFCB" time="0.004">
  <properties/>
  <testcase name="printWelcomeMessage" classname="censusanalyser.CensusAnalyserTest" time="0.004"/>
  <system-out><![CDATA[Welcome to the Census Analyser Problem
]]></system-out>
  <system-err><![CDATA[]]></system-err>
</testsuite>
